Arguments: 
  /usr/local/bin/node /usr/local/Cellar/yarn/1.19.1/libexec/bin/yarn.js add bootstrao

PATH: 
  /Library/Frameworks/Python.framework/Versions/3.6/bin:/usr/local/bin:/usr/bin:/bin:/usr/sbin:/sbin:/Library/Apple/usr/bin:/Library/Apple/bin:/usr/local/share/dotnet:~/.dotnet/tools:/Library/Frameworks/Mono.framework/Versions/Current/Commands:/Applications/Wireshark.app/Contents/MacOS:/Users/minhduong/Desktop/Development/Web Development/ReynaDuong.github.io/node_modules/.bin

Yarn version: 
  1.19.1

Node version: 
  12.10.0

Platform: 
  darwin x64

Trace: 
  Error: https://registry.yarnpkg.com/bootstrao: Not found
      at Request.params.callback [as _callback] (/usr/local/Cellar/yarn/1.19.1/libexec/lib/cli.js:66926:18)
      at Request.self.callback (/usr/local/Cellar/yarn/1.19.1/libexec/lib/cli.js:140564:22)
      at Request.emit (events.js:209:13)
      at Request.<anonymous> (/usr/local/Cellar/yarn/1.19.1/libexec/lib/cli.js:141536:10)
      at Request.emit (events.js:209:13)
      at IncomingMessage.<anonymous> (/usr/local/Cellar/yarn/1.19.1/libexec/lib/cli.js:141458:12)
      at Object.onceWrapper (events.js:298:28)
      at IncomingMessage.emit (events.js:214:15)
      at endReadableNT (_stream_readable.js:1178:12)
      at processTicksAndRejections (internal/process/task_queues.js:80:21)

npm manifest: 
  {
    "name": "ReynaDuong.github.io",
    "version": "1.0.0",
    "main": "index.js",
    "repository": "https://github.com/ReynaDuong/ReynaDuong.github.io",
    "author": "Minh Duong",
    "license": "MIT",
    "dependencies": {
      "animate.css": "^3.7.2",
      "bootstrap": "^4.3.1",
      "jquery": "^3.4.0",
      "jquery-parallax.js": "^1.5.0"
    }
  }

yarn manifest: 
  No manifest

Lockfile: 
  # THIS IS AN AUTOGENERATED FILE. DO NOT EDIT THIS FILE DIRECTLY.
  # yarn lockfile v1
  
  
  animate.css@^3.7.2:
    version "3.7.2"
    resolved "https://registry.yarnpkg.com/animate.css/-/animate.css-3.7.2.tgz#e73e0d50e92cb1cfef1597d9b38a9481020e08ea"
    integrity sha512-0bE8zYo7C0KvgOYrSVfrzkbYk6IOTVPNqkiHg2cbyF4Pq/PXzilz4BRWA3hwEUBoMp5VBgrC29lQIZyhRWdBTw==
  
  bootstrap@^4.3.1:
    version "4.3.1"
    resolved "https://registry.yarnpkg.com/bootstrap/-/bootstrap-4.3.1.tgz#280ca8f610504d99d7b6b4bfc4b68cec601704ac"
    integrity sha512-rXqOmH1VilAt2DyPzluTi2blhk17bO7ef+zLLPlWvG494pDxcM234pJ8wTc/6R40UWizAIIMgxjvxZg5kmsbag==
  
  jquery-parallax.js@^1.5.0:
    version "1.5.0"
    resolved "https://registry.yarnpkg.com/jquery-parallax.js/-/jquery-parallax.js-1.5.0.tgz#4d57f669db2374526bbb6fd595830cecadd3c71f"
    integrity sha512-+SyyADkSloW92ZbqJ53yT8M+36GLI+SFOM32q3NeScEJ32u+YCxrDCmpdZmBjrUcJ/CFYuaq9fRwvhfE5u75ew==
    dependencies:
      jquery ">=1.7"
  
  jquery@>=1.7, jquery@^3.4.0:
    version "3.4.1"
    resolved "https://registry.yarnpkg.com/jquery/-/jquery-3.4.1.tgz#714f1f8d9dde4bdfa55764ba37ef214630d80ef2"
    integrity sha512-36+AdBzCL+y6qjw5Tx7HgzeGCzC81MDDgaUP8ld2zhx58HdqXGoBd+tHdrBMiyjGQs0Hxs/MLZTu/eHNJJuWPw==
